<?xml version="1.0" encoding="UTF-8"?>
<!-- Generated by org.testng.reporters.JUnitXMLReporter -->
<testsuite ignored="0" hostname="HK-SONY-VAIO" failures="0" tests="3" name="Test" time="25.082" errors="0" timestamp="15 May 2019 16:43:20 GMT">
  <testcase classname="org.openMRS.testcases.LoginPageTest" name="validLoginTest" time="2.577"/>
  <testcase classname="org.openMRS.testcases.HomePageTest" name="verifyRegisterPatientLinkTest" time="19.219"/>
  <testcase classname="org.openMRS.testcases.RegisterPatientPageTest" name="registerPatientTest" time="3.228"/>
</testsuite> <!-- Test -->
