<?xml version="1.0" encoding="UTF-8"?>
<testng-results ignored="0" total="3" passed="3" failed="0" skipped="0">
  <reporter-output>
  </reporter-output>
  <suite started-at="2019-05-15T16:42:55Z" name="Suite" finished-at="2019-05-15T16:43:20Z" duration-ms="25082">
    <groups>
    </groups>
    <test started-at="2019-05-15T16:42:55Z" name="Test" finished-at="2019-05-15T16:43:20Z" duration-ms="25082">
      <class name="org.openMRS.testcases.LoginPageTest">
        <test-method is-config="true" signature="dataPreparation()[pri:0, instance:org.openMRS.testcases.LoginPageTest@53fd0d10]" started-at="2019-05-15T22:12:35Z" name="dataPreparation" finished-at="2019-05-15T22:12:55Z" duration-ms="19715" status="PASS">
          <reporter-output>
          </reporter-output>
        </test-method> <!-- dataPreparation -->
        <test-method signature="validLoginTest()[pri:0, instance:org.openMRS.testcases.LoginPageTest@53fd0d10]" started-at="2019-05-15T22:12:55Z" name="validLoginTest" finished-at="2019-05-15T22:12:58Z" duration-ms="2577" status="PASS">
          <reporter-output>
          </reporter-output>
        </test-method> <!-- validLoginTest -->
      </class> <!-- org.openMRS.testcases.LoginPageTest -->
      <class name="org.openMRS.testcases.HomePageTest">
        <test-method signature="verifyRegisterPatientLinkTest()[pri:0, instance:org.openMRS.testcases.HomePageTest@6c0d9d86]" started-at="2019-05-15T22:12:58Z" name="verifyRegisterPatientLinkTest" finished-at="2019-05-15T22:13:17Z" duration-ms="19219" status="PASS">
          <reporter-output>
          </reporter-output>
        </test-method> <!-- verifyRegisterPatientLinkTest -->
      </class> <!-- org.openMRS.testcases.HomePageTest -->
      <class name="org.openMRS.testcases.RegisterPatientPageTest">
        <test-method signature="registerPatientTest()[pri:0, instance:org.openMRS.testcases.RegisterPatientPageTest@4ce1d6d0]" started-at="2019-05-15T22:13:17Z" name="registerPatientTest" finished-at="2019-05-15T22:13:20Z" duration-ms="3228" status="PASS">
          <reporter-output>
          </reporter-output>
        </test-method> <!-- registerPatientTest -->
      </class> <!-- org.openMRS.testcases.RegisterPatientPageTest -->
    </test> <!-- Test -->
  </suite> <!-- Suite -->
</testng-results>
